{"C:\\Users\\User\\OneDrive\\Desktop\\dev\\modularization_assignment\\api\\model\\user.js": {"path":"C:\\Users\\User\\OneDrive\\Desktop\\dev\\modularization_assignment\\api\\model\\user.js","statementMap":{"0":{"start":{"line":1,"column":17},"end":{"line":1,"column":36}},"1":{"start":{"line":3,"column":19},"end":{"line":30,"column":2}},"2":{"start":{"line":32,"column":0},"end":{"line":32,"column":53}}},"fnMap":{},"branchMap":{},"s":{"0":1,"1":1,"2":1},"f":{},"b":{},"_coverageSchema":"1a1c01bbd47fc00a2c39e90264f33305004495a9","hash":"e529bfbf73f2b0b9ecc4e6d68df1cc75dee8fdd0"}
}
